
*** Running vivado
    with args -log main.vds -m64 -product Vivado -mode batch -messageDb vivado.pb -notrace -source main.tcl


ECHO is off.
ECHO is off.

****** Vivado v2023.1 (64-bit)
  **** SW Build 3865809 on Sun May  7 15:05:29 MDT 2023
  **** IP Build 3864474 on Sun May  7 20:36:21 MDT 2023
  **** SharedData Build 3865790 on Sun May 07 13:33:03 MDT 2023
    ** Copyright 1986-2022 Xilinx, Inc. All Rights Reserved.
    ** Copyright 2022-2023 Advanced Micro Devices, Inc. All Rights Reserved.

source main.tcl -notrace
create_project: Time (s): cpu = 00:00:08 ; elapsed = 00:00:08 . Memory (MB): peak = 484.984 ; gain = 192.719
Command: read_checkpoint -auto_incremental -incremental D:/vivadu/stopwatichh/stopwatichh.srcs/utils_1/imports/synth_1/main.dcp
INFO: [Vivado 12-5825] Read reference checkpoint from D:/vivadu/stopwatichh/stopwatichh.srcs/utils_1/imports/synth_1/main.dcp for incremental synthesis
INFO: [Vivado 12-7989] Please ensure there are no constraint changes
Command: synth_design -top main -part xc7a100tcsg324-1
Starting synth_design
Attempting to get a license for feature 'Synthesis' and/or device 'xc7a100t'
INFO: [Common 17-349] Got license for feature 'Synthesis' and/or device 'xc7a100t'
INFO: [Device 21-403] Loading part xc7a100tcsg324-1
INFO: [Designutils 20-5440] No compile time benefit to using incremental synthesis; A full resynthesis will be run
INFO: [Designutils 20-4379] Flow is switching to default flow due to incremental criteria not met. If you would like to alter this behaviour and have the flow terminate instead, please set the following parameter config_implementation {autoIncr.Synth.RejectBehavior Terminate}
INFO: [Synth 8-7079] Multithreading enabled for synth_design using a maximum of 2 processes.
INFO: [Synth 8-7078] Launching helper process for spawning children vivado processes
INFO: [Synth 8-7075] Helper process launched with PID 17632
---------------------------------------------------------------------------------
Starting RTL Elaboration : Time (s): cpu = 00:00:05 ; elapsed = 00:00:06 . Memory (MB): peak = 1316.895 ; gain = 410.852
---------------------------------------------------------------------------------
INFO: [Synth 8-638] synthesizing module 'main' [D:/vivadu/stopwatichh/stopwatichh.srcs/sources_1/new/main.vhd:12]
INFO: [Synth 8-3491] module 'clock' declared at 'D:/vivadu/stopwatichh/stopwatichh.srcs/sources_1/new/clock.vhd:4' bound to instance 'clk_detik' of component 'clock' [D:/vivadu/stopwatichh/stopwatichh.srcs/sources_1/new/main.vhd:75]
INFO: [Synth 8-638] synthesizing module 'clock' [D:/vivadu/stopwatichh/stopwatichh.srcs/sources_1/new/clock.vhd:11]
INFO: [Synth 8-256] done synthesizing module 'clock' (0#1) [D:/vivadu/stopwatichh/stopwatichh.srcs/sources_1/new/clock.vhd:11]
INFO: [Synth 8-3491] module 'clock60' declared at 'D:/vivadu/stopwatichh/stopwatichh.srcs/sources_1/new/clock60.vhd:4' bound to instance 'clk_menit' of component 'clock60' [D:/vivadu/stopwatichh/stopwatichh.srcs/sources_1/new/main.vhd:76]
INFO: [Synth 8-638] synthesizing module 'clock60' [D:/vivadu/stopwatichh/stopwatichh.srcs/sources_1/new/clock60.vhd:11]
INFO: [Synth 8-256] done synthesizing module 'clock60' (0#1) [D:/vivadu/stopwatichh/stopwatichh.srcs/sources_1/new/clock60.vhd:11]
INFO: [Synth 8-3491] module 'clock60' declared at 'D:/vivadu/stopwatichh/stopwatichh.srcs/sources_1/new/clock60.vhd:4' bound to instance 'clk_jam' of component 'clock60' [D:/vivadu/stopwatichh/stopwatichh.srcs/sources_1/new/main.vhd:77]
INFO: [Synth 8-3491] module 'clock1000' declared at 'D:/vivadu/stopwatichh/stopwatichh.srcs/sources_1/new/clock1000.vhd:4' bound to instance 'clok_bcd_mux' of component 'clock1000' [D:/vivadu/stopwatichh/stopwatichh.srcs/sources_1/new/main.vhd:78]
INFO: [Synth 8-638] synthesizing module 'clock1000' [D:/vivadu/stopwatichh/stopwatichh.srcs/sources_1/new/clock1000.vhd:11]
WARNING: [Synth 8-614] signal 'temp' is read in the process but is not in the sensitivity list [D:/vivadu/stopwatichh/stopwatichh.srcs/sources_1/new/clock1000.vhd:15]
INFO: [Synth 8-256] done synthesizing module 'clock1000' (0#1) [D:/vivadu/stopwatichh/stopwatichh.srcs/sources_1/new/clock1000.vhd:11]
INFO: [Synth 8-3491] module 'counter60' declared at 'D:/vivadu/stopwatichh/stopwatichh.srcs/sources_1/new/counter60.vhd:6' bound to instance 'cntr_detik' of component 'counter60' [D:/vivadu/stopwatichh/stopwatichh.srcs/sources_1/new/main.vhd:80]
INFO: [Synth 8-638] synthesizing module 'counter60' [D:/vivadu/stopwatichh/stopwatichh.srcs/sources_1/new/counter60.vhd:13]
INFO: [Synth 8-256] done synthesizing module 'counter60' (0#1) [D:/vivadu/stopwatichh/stopwatichh.srcs/sources_1/new/counter60.vhd:13]
INFO: [Synth 8-3491] module 'counter60' declared at 'D:/vivadu/stopwatichh/stopwatichh.srcs/sources_1/new/counter60.vhd:6' bound to instance 'cntr_menit' of component 'counter60' [D:/vivadu/stopwatichh/stopwatichh.srcs/sources_1/new/main.vhd:81]
INFO: [Synth 8-3491] module 'counter24' declared at 'D:/vivadu/stopwatichh/stopwatichh.srcs/sources_1/new/counter24.vhd:6' bound to instance 'cntr_jam' of component 'counter24' [D:/vivadu/stopwatichh/stopwatichh.srcs/sources_1/new/main.vhd:82]
INFO: [Synth 8-638] synthesizing module 'counter24' [D:/vivadu/stopwatichh/stopwatichh.srcs/sources_1/new/counter24.vhd:13]
INFO: [Synth 8-256] done synthesizing module 'counter24' (0#1) [D:/vivadu/stopwatichh/stopwatichh.srcs/sources_1/new/counter24.vhd:13]
INFO: [Synth 8-3491] module 'counter3bit' declared at 'D:/vivadu/stopwatichh/stopwatichh.srcs/sources_1/new/counter3bit.vhd:6' bound to instance 'cntr_3bit' of component 'counter3bit' [D:/vivadu/stopwatichh/stopwatichh.srcs/sources_1/new/main.vhd:83]
INFO: [Synth 8-638] synthesizing module 'counter3bit' [D:/vivadu/stopwatichh/stopwatichh.srcs/sources_1/new/counter3bit.vhd:13]
INFO: [Synth 8-256] done synthesizing module 'counter3bit' (0#1) [D:/vivadu/stopwatichh/stopwatichh.srcs/sources_1/new/counter3bit.vhd:13]
INFO: [Synth 8-3491] module 'bcd' declared at 'D:/vivadu/stopwatichh/stopwatichh.srcs/sources_1/new/bcd.vhd:6' bound to instance 'bcd_detik' of component 'bcd' [D:/vivadu/stopwatichh/stopwatichh.srcs/sources_1/new/main.vhd:85]
INFO: [Synth 8-638] synthesizing module 'bcd' [D:/vivadu/stopwatichh/stopwatichh.srcs/sources_1/new/bcd.vhd:16]
	Parameter N bound to: 8 - type: integer 
INFO: [Synth 8-256] done synthesizing module 'bcd' (0#1) [D:/vivadu/stopwatichh/stopwatichh.srcs/sources_1/new/bcd.vhd:16]
INFO: [Synth 8-3491] module 'bcd' declared at 'D:/vivadu/stopwatichh/stopwatichh.srcs/sources_1/new/bcd.vhd:6' bound to instance 'bcd_menit' of component 'bcd' [D:/vivadu/stopwatichh/stopwatichh.srcs/sources_1/new/main.vhd:86]
INFO: [Synth 8-3491] module 'bcd' declared at 'D:/vivadu/stopwatichh/stopwatichh.srcs/sources_1/new/bcd.vhd:6' bound to instance 'bcd_jam' of component 'bcd' [D:/vivadu/stopwatichh/stopwatichh.srcs/sources_1/new/main.vhd:87]
INFO: [Synth 8-3491] module 'multiplexer' declared at 'D:/vivadu/stopwatichh/stopwatichh.srcs/sources_1/new/multiplexer.vhd:3' bound to instance 'mux' of component 'multiplexer' [D:/vivadu/stopwatichh/stopwatichh.srcs/sources_1/new/main.vhd:89]
INFO: [Synth 8-638] synthesizing module 'multiplexer' [D:/vivadu/stopwatichh/stopwatichh.srcs/sources_1/new/multiplexer.vhd:10]
INFO: [Synth 8-256] done synthesizing module 'multiplexer' (0#1) [D:/vivadu/stopwatichh/stopwatichh.srcs/sources_1/new/multiplexer.vhd:10]
INFO: [Synth 8-3491] module 'sevseg' declared at 'D:/vivadu/stopwatichh/stopwatichh.srcs/sources_1/new/sevseg.vhd:4' bound to instance 'sevent_segment' of component 'sevseg' [D:/vivadu/stopwatichh/stopwatichh.srcs/sources_1/new/main.vhd:90]
INFO: [Synth 8-638] synthesizing module 'sevseg' [D:/vivadu/stopwatichh/stopwatichh.srcs/sources_1/new/sevseg.vhd:11]
INFO: [Synth 8-256] done synthesizing module 'sevseg' (0#1) [D:/vivadu/stopwatichh/stopwatichh.srcs/sources_1/new/sevseg.vhd:11]
INFO: [Synth 8-3491] module 'decoder' declared at 'D:/vivadu/stopwatichh/stopwatichh.srcs/sources_1/new/decoder.vhd:4' bound to instance 'decooder' of component 'decoder' [D:/vivadu/stopwatichh/stopwatichh.srcs/sources_1/new/main.vhd:91]
INFO: [Synth 8-638] synthesizing module 'decoder' [D:/vivadu/stopwatichh/stopwatichh.srcs/sources_1/new/decoder.vhd:11]
INFO: [Synth 8-256] done synthesizing module 'decoder' (0#1) [D:/vivadu/stopwatichh/stopwatichh.srcs/sources_1/new/decoder.vhd:11]
INFO: [Synth 8-256] done synthesizing module 'main' (0#1) [D:/vivadu/stopwatichh/stopwatichh.srcs/sources_1/new/main.vhd:12]
---------------------------------------------------------------------------------
Finished RTL Elaboration : Time (s): cpu = 00:00:07 ; elapsed = 00:00:08 . Memory (MB): peak = 1408.578 ; gain = 502.535
---------------------------------------------------------------------------------
---------------------------------------------------------------------------------
Start Handling Custom Attributes
---------------------------------------------------------------------------------
---------------------------------------------------------------------------------
Finished Handling Custom Attributes : Time (s): cpu = 00:00:07 ; elapsed = 00:00:08 . Memory (MB): peak = 1408.578 ; gain = 502.535
---------------------------------------------------------------------------------
---------------------------------------------------------------------------------
Finished RTL Optimization Phase 1 : Time (s): cpu = 00:00:07 ; elapsed = 00:00:08 . Memory (MB): peak = 1408.578 ; gain = 502.535
---------------------------------------------------------------------------------
Netlist sorting complete. Time (s): cpu = 00:00:00 ; elapsed = 00:00:00.005 . Memory (MB): peak = 1408.578 ; gain = 0.000
INFO: [Project 1-570] Preparing netlist for logic optimization

Processing XDC Constraints
Initializing timing engine
Parsing XDC File [D:/vivadu/stopwatichh/stopwatichh.srcs/constrs_1/new/itch.xdc]
WARNING: [Vivado 12-584] No ports matched 'o[7]'. [D:/vivadu/stopwatichh/stopwatichh.srcs/constrs_1/new/itch.xdc:41]
CRITICAL WARNING: [Common 17-55] 'set_property' expects at least one object. [D:/vivadu/stopwatichh/stopwatichh.srcs/constrs_1/new/itch.xdc:41]
Resolution: If [get_<value>] was used to populate the object, check to make sure this command returns at least one valid object.
WARNING: [Vivado 12-584] No ports matched 'o[6]'. [D:/vivadu/stopwatichh/stopwatichh.srcs/constrs_1/new/itch.xdc:42]
CRITICAL WARNING: [Common 17-55] 'set_property' expects at least one object. [D:/vivadu/stopwatichh/stopwatichh.srcs/constrs_1/new/itch.xdc:42]
Resolution: If [get_<value>] was used to populate the object, check to make sure this command returns at least one valid object.
WARNING: [Vivado 12-584] No ports matched 'o[5]'. [D:/vivadu/stopwatichh/stopwatichh.srcs/constrs_1/new/itch.xdc:43]
CRITICAL WARNING: [Common 17-55] 'set_property' expects at least one object. [D:/vivadu/stopwatichh/stopwatichh.srcs/constrs_1/new/itch.xdc:43]
Resolution: If [get_<value>] was used to populate the object, check to make sure this command returns at least one valid object.
WARNING: [Vivado 12-584] No ports matched 'o[4]'. [D:/vivadu/stopwatichh/stopwatichh.srcs/constrs_1/new/itch.xdc:44]
CRITICAL WARNING: [Common 17-55] 'set_property' expects at least one object. [D:/vivadu/stopwatichh/stopwatichh.srcs/constrs_1/new/itch.xdc:44]
Resolution: If [get_<value>] was used to populate the object, check to make sure this command returns at least one valid object.
WARNING: [Vivado 12-584] No ports matched 'o[3]'. [D:/vivadu/stopwatichh/stopwatichh.srcs/constrs_1/new/itch.xdc:45]
CRITICAL WARNING: [Common 17-55] 'set_property' expects at least one object. [D:/vivadu/stopwatichh/stopwatichh.srcs/constrs_1/new/itch.xdc:45]
Resolution: If [get_<value>] was used to populate the object, check to make sure this command returns at least one valid object.
WARNING: [Vivado 12-584] No ports matched 'o[2]'. [D:/vivadu/stopwatichh/stopwatichh.srcs/constrs_1/new/itch.xdc:46]
CRITICAL WARNING: [Common 17-55] 'set_property' expects at least one object. [D:/vivadu/stopwatichh/stopwatichh.srcs/constrs_1/new/itch.xdc:46]
Resolution: If [get_<value>] was used to populate the object, check to make sure this command returns at least one valid object.
WARNING: [Vivado 12-584] No ports matched 'o[1]'. [D:/vivadu/stopwatichh/stopwatichh.srcs/constrs_1/new/itch.xdc:47]
CRITICAL WARNING: [Common 17-55] 'set_property' expects at least one object. [D:/vivadu/stopwatichh/stopwatichh.srcs/constrs_1/new/itch.xdc:47]
Resolution: If [get_<value>] was used to populate the object, check to make sure this command returns at least one valid object.
WARNING: [Vivado 12-584] No ports matched 'o[0]'. [D:/vivadu/stopwatichh/stopwatichh.srcs/constrs_1/new/itch.xdc:48]
CRITICAL WARNING: [Common 17-55] 'set_property' expects at least one object. [D:/vivadu/stopwatichh/stopwatichh.srcs/constrs_1/new/itch.xdc:48]
Resolution: If [get_<value>] was used to populate the object, check to make sure this command returns at least one valid object.
WARNING: [Vivado 12-584] No ports matched 'o[7]'. [D:/vivadu/stopwatichh/stopwatichh.srcs/constrs_1/new/itch.xdc:49]
CRITICAL WARNING: [Common 17-55] 'set_property' expects at least one object. [D:/vivadu/stopwatichh/stopwatichh.srcs/constrs_1/new/itch.xdc:49]
Resolution: If [get_<value>] was used to populate the object, check to make sure this command returns at least one valid object.
WARNING: [Vivado 12-584] No ports matched 'o[6]'. [D:/vivadu/stopwatichh/stopwatichh.srcs/constrs_1/new/itch.xdc:50]
CRITICAL WARNING: [Common 17-55] 'set_property' expects at least one object. [D:/vivadu/stopwatichh/stopwatichh.srcs/constrs_1/new/itch.xdc:50]
Resolution: If [get_<value>] was used to populate the object, check to make sure this command returns at least one valid object.
WARNING: [Vivado 12-584] No ports matched 'o[5]'. [D:/vivadu/stopwatichh/stopwatichh.srcs/constrs_1/new/itch.xdc:51]
CRITICAL WARNING: [Common 17-55] 'set_property' expects at least one object. [D:/vivadu/stopwatichh/stopwatichh.srcs/constrs_1/new/itch.xdc:51]
Resolution: If [get_<value>] was used to populate the object, check to make sure this command returns at least one valid object.
WARNING: [Vivado 12-584] No ports matched 'o[4]'. [D:/vivadu/stopwatichh/stopwatichh.srcs/constrs_1/new/itch.xdc:52]
CRITICAL WARNING: [Common 17-55] 'set_property' expects at least one object. [D:/vivadu/stopwatichh/stopwatichh.srcs/constrs_1/new/itch.xdc:52]
Resolution: If [get_<value>] was used to populate the object, check to make sure this command returns at least one valid object.
WARNING: [Vivado 12-584] No ports matched 'o[3]'. [D:/vivadu/stopwatichh/stopwatichh.srcs/constrs_1/new/itch.xdc:53]
CRITICAL WARNING: [Common 17-55] 'set_property' expects at least one object. [D:/vivadu/stopwatichh/stopwatichh.srcs/constrs_1/new/itch.xdc:53]
Resolution: If [get_<value>] was used to populate the object, check to make sure this command returns at least one valid object.
WARNING: [Vivado 12-584] No ports matched 'o[2]'. [D:/vivadu/stopwatichh/stopwatichh.srcs/constrs_1/new/itch.xdc:54]
CRITICAL WARNING: [Common 17-55] 'set_property' expects at least one object. [D:/vivadu/stopwatichh/stopwatichh.srcs/constrs_1/new/itch.xdc:54]
Resolution: If [get_<value>] was used to populate the object, check to make sure this command returns at least one valid object.
WARNING: [Vivado 12-584] No ports matched 'o[1]'. [D:/vivadu/stopwatichh/stopwatichh.srcs/constrs_1/new/itch.xdc:55]
CRITICAL WARNING: [Common 17-55] 'set_property' expects at least one object. [D:/vivadu/stopwatichh/stopwatichh.srcs/constrs_1/new/itch.xdc:55]
Resolution: If [get_<value>] was used to populate the object, check to make sure this command returns at least one valid object.
WARNING: [Vivado 12-584] No ports matched 'o[0]'. [D:/vivadu/stopwatichh/stopwatichh.srcs/constrs_1/new/itch.xdc:56]
CRITICAL WARNING: [Common 17-55] 'set_property' expects at least one object. [D:/vivadu/stopwatichh/stopwatichh.srcs/constrs_1/new/itch.xdc:56]
Resolution: If [get_<value>] was used to populate the object, check to make sure this command returns at least one valid object.
Finished Parsing XDC File [D:/vivadu/stopwatichh/stopwatichh.srcs/constrs_1/new/itch.xdc]
INFO: [Project 1-236] Implementation specific constraints were found while reading constraint file [D:/vivadu/stopwatichh/stopwatichh.srcs/constrs_1/new/itch.xdc]. These constraints will be ignored for synthesis but will be used in implementation. Impacted constraints are listed in the file [.Xil/main_propImpl.xdc].
Resolution: To avoid this warning, move constraints listed in [.Xil/main_propImpl.xdc] to another XDC file and exclude this new file from synthesis with the used_in_synthesis property (File Properties dialog in GUI) and re-run elaboration/synthesis.
Completed Processing XDC Constraints

Netlist sorting complete. Time (s): cpu = 00:00:00 ; elapsed = 00:00:00 . Memory (MB): peak = 1492.379 ; gain = 0.000
INFO: [Project 1-111] Unisim Transformation Summary:
No Unisim elements were transformed.

Constraint Validation Runtime : Time (s): cpu = 00:00:00 ; elapsed = 00:00:00.003 . Memory (MB): peak = 1492.379 ; gain = 0.000
INFO: [Designutils 20-5440] No compile time benefit to using incremental synthesis; A full resynthesis will be run
INFO: [Designutils 20-4379] Flow is switching to default flow due to incremental criteria not met. If you would like to alter this behaviour and have the flow terminate instead, please set the following parameter config_implementation {autoIncr.Synth.RejectBehavior Terminate}
---------------------------------------------------------------------------------
Finished Constraint Validation : Time (s): cpu = 00:00:15 ; elapsed = 00:00:16 . Memory (MB): peak = 1492.379 ; gain = 586.336
---------------------------------------------------------------------------------
---------------------------------------------------------------------------------
Start Loading Part and Timing Information
---------------------------------------------------------------------------------
Loading part: xc7a100tcsg324-1
---------------------------------------------------------------------------------
Finished Loading Part and Timing Information : Time (s): cpu = 00:00:15 ; elapsed = 00:00:16 . Memory (MB): peak = 1492.379 ; gain = 586.336
---------------------------------------------------------------------------------
---------------------------------------------------------------------------------
Start Applying 'set_property' XDC Constraints
---------------------------------------------------------------------------------
---------------------------------------------------------------------------------
Finished applying 'set_property' XDC Constraints : Time (s): cpu = 00:00:15 ; elapsed = 00:00:16 . Memory (MB): peak = 1492.379 ; gain = 586.336
---------------------------------------------------------------------------------
INFO: [Synth 8-802] inferred FSM for state register 'state_reg' in module 'bcd'
---------------------------------------------------------------------------------------------------
                   State |                     New Encoding |                Previous Encoding 
---------------------------------------------------------------------------------------------------
                   start |                              001 |                               00
                   shift |                              010 |                               01
                    done |                              100 |                               10
---------------------------------------------------------------------------------------------------
INFO: [Synth 8-3354] encoded FSM with state register 'state_reg' using encoding 'one-hot' in module 'bcd'
---------------------------------------------------------------------------------
Finished RTL Optimization Phase 2 : Time (s): cpu = 00:00:15 ; elapsed = 00:00:16 . Memory (MB): peak = 1492.379 ; gain = 586.336
---------------------------------------------------------------------------------
---------------------------------------------------------------------------------
Start RTL Component Statistics 
---------------------------------------------------------------------------------
Detailed RTL Component Info : 
+---Adders : 
	   2 Input   32 Bit       Adders := 4     
	   2 Input    8 Bit       Adders := 3     
	   2 Input    4 Bit       Adders := 6     
	   2 Input    3 Bit       Adders := 4     
+---Registers : 
	               32 Bit    Registers := 4     
	                8 Bit    Registers := 12    
	                4 Bit    Registers := 3     
	                3 Bit    Registers := 1     
	                1 Bit    Registers := 5     
+---Muxes : 
	   2 Input   32 Bit        Muxes := 3     
	   2 Input    8 Bit        Muxes := 3     
	   3 Input    8 Bit        Muxes := 6     
	   7 Input    8 Bit        Muxes := 1     
	   3 Input    4 Bit        Muxes := 3     
	   2 Input    1 Bit        Muxes := 6     
	   3 Input    1 Bit        Muxes := 6     
---------------------------------------------------------------------------------
Finished RTL Component Statistics 
---------------------------------------------------------------------------------
---------------------------------------------------------------------------------
Start Part Resource Summary
---------------------------------------------------------------------------------
Part Resources:
DSPs: 240 (col length:80)
BRAMs: 270 (col length: RAMB18 80 RAMB36 40)
---------------------------------------------------------------------------------
Finished Part Resource Summary
---------------------------------------------------------------------------------
---------------------------------------------------------------------------------
Start Cross Boundary and Area Optimization
---------------------------------------------------------------------------------
WARNING: [Synth 8-7080] Parallel synthesis criteria is not met
WARNING: [Synth 8-3917] design main has port deco[7] driven by constant 1
WARNING: [Synth 8-3917] design main has port deco[6] driven by constant 1
---------------------------------------------------------------------------------
Finished Cross Boundary and Area Optimization : Time (s): cpu = 00:00:19 ; elapsed = 00:00:20 . Memory (MB): peak = 1492.379 ; gain = 586.336
---------------------------------------------------------------------------------
---------------------------------------------------------------------------------
Start Applying XDC Timing Constraints
---------------------------------------------------------------------------------
---------------------------------------------------------------------------------
Finished Applying XDC Timing Constraints : Time (s): cpu = 00:00:24 ; elapsed = 00:00:26 . Memory (MB): peak = 1492.379 ; gain = 586.336
---------------------------------------------------------------------------------
---------------------------------------------------------------------------------
Start Timing Optimization
---------------------------------------------------------------------------------
---------------------------------------------------------------------------------
Finished Timing Optimization : Time (s): cpu = 00:00:24 ; elapsed = 00:00:26 . Memory (MB): peak = 1492.379 ; gain = 586.336
---------------------------------------------------------------------------------
---------------------------------------------------------------------------------
Start Technology Mapping
---------------------------------------------------------------------------------
---------------------------------------------------------------------------------
Finished Technology Mapping : Time (s): cpu = 00:00:24 ; elapsed = 00:00:26 . Memory (MB): peak = 1492.379 ; gain = 586.336
---------------------------------------------------------------------------------
---------------------------------------------------------------------------------
Start IO Insertion
---------------------------------------------------------------------------------
---------------------------------------------------------------------------------
Start Flattening Before IO Insertion
---------------------------------------------------------------------------------
---------------------------------------------------------------------------------
Finished Flattening Before IO Insertion
---------------------------------------------------------------------------------
---------------------------------------------------------------------------------
Start Final Netlist Cleanup
---------------------------------------------------------------------------------
---------------------------------------------------------------------------------
Finished Final Netlist Cleanup
---------------------------------------------------------------------------------
---------------------------------------------------------------------------------
Finished IO Insertion : Time (s): cpu = 00:00:29 ; elapsed = 00:00:31 . Memory (MB): peak = 1492.379 ; gain = 586.336
---------------------------------------------------------------------------------
---------------------------------------------------------------------------------
Start Renaming Generated Instances
---------------------------------------------------------------------------------
---------------------------------------------------------------------------------
Finished Renaming Generated Instances : Time (s): cpu = 00:00:29 ; elapsed = 00:00:31 . Memory (MB): peak = 1492.379 ; gain = 586.336
---------------------------------------------------------------------------------
---------------------------------------------------------------------------------
Start Rebuilding User Hierarchy
---------------------------------------------------------------------------------
---------------------------------------------------------------------------------
Finished Rebuilding User Hierarchy : Time (s): cpu = 00:00:29 ; elapsed = 00:00:31 . Memory (MB): peak = 1492.379 ; gain = 586.336
---------------------------------------------------------------------------------
---------------------------------------------------------------------------------
Start Renaming Generated Ports
---------------------------------------------------------------------------------
---------------------------------------------------------------------------------
Finished Renaming Generated Ports : Time (s): cpu = 00:00:29 ; elapsed = 00:00:31 . Memory (MB): peak = 1492.379 ; gain = 586.336
---------------------------------------------------------------------------------
---------------------------------------------------------------------------------
Start Handling Custom Attributes
---------------------------------------------------------------------------------
---------------------------------------------------------------------------------
Finished Handling Custom Attributes : Time (s): cpu = 00:00:29 ; elapsed = 00:00:31 . Memory (MB): peak = 1492.379 ; gain = 586.336
---------------------------------------------------------------------------------
---------------------------------------------------------------------------------
Start Renaming Generated Nets
---------------------------------------------------------------------------------
---------------------------------------------------------------------------------
Finished Renaming Generated Nets : Time (s): cpu = 00:00:29 ; elapsed = 00:00:31 . Memory (MB): peak = 1492.379 ; gain = 586.336
---------------------------------------------------------------------------------
---------------------------------------------------------------------------------
Start Writing Synthesis Report
---------------------------------------------------------------------------------

Report BlackBoxes: 
+-+--------------+----------+
| |BlackBox name |Instances |
+-+--------------+----------+
+-+--------------+----------+

Report Cell Usage: 
+------+-------+------+
|      |Cell   |Count |
+------+-------+------+
|1     |BUFG   |     4|
|2     |CARRY4 |    32|
|3     |LUT1   |     7|
|4     |LUT2   |    16|
|5     |LUT3   |    15|
|6     |LUT4   |    61|
|7     |LUT5   |   106|
|8     |LUT6   |    27|
|9     |FDCE   |   183|
|10    |FDPE   |     3|
|11    |FDRE   |    67|
|12    |IBUF   |     3|
|13    |OBUF   |    17|
+------+-------+------+
---------------------------------------------------------------------------------
Finished Writing Synthesis Report : Time (s): cpu = 00:00:29 ; elapsed = 00:00:31 . Memory (MB): peak = 1492.379 ; gain = 586.336
---------------------------------------------------------------------------------
Synthesis finished with 0 errors, 0 critical warnings and 3 warnings.
Synthesis Optimization Runtime : Time (s): cpu = 00:00:20 ; elapsed = 00:00:29 . Memory (MB): peak = 1492.379 ; gain = 502.535
Synthesis Optimization Complete : Time (s): cpu = 00:00:29 ; elapsed = 00:00:31 . Memory (MB): peak = 1492.379 ; gain = 586.336
INFO: [Project 1-571] Translating synthesized netlist
Netlist sorting complete. Time (s): cpu = 00:00:00 ; elapsed = 00:00:00.005 . Memory (MB): peak = 1492.379 ; gain = 0.000
INFO: [Netlist 29-17] Analyzing 32 Unisim elements for replacement
INFO: [Netlist 29-28] Unisim Transformation completed in 0 CPU seconds
INFO: [Project 1-570] Preparing netlist for logic optimization
INFO: [Opt 31-138] Pushed 0 inverter(s) to 0 load pin(s).
Netlist sorting complete. Time (s): cpu = 00:00:00 ; elapsed = 00:00:00 . Memory (MB): peak = 1492.379 ; gain = 0.000
INFO: [Project 1-111] Unisim Transformation Summary:
No Unisim elements were transformed.

Synth Design complete | Checksum: fa8162bd
INFO: [Common 17-83] Releasing license: Synthesis
59 Infos, 20 Warnings, 16 Critical Warnings and 0 Errors encountered.
synth_design completed successfully
synth_design: Time (s): cpu = 00:00:34 ; elapsed = 00:00:36 . Memory (MB): peak = 1492.379 ; gain = 982.512
INFO: [runtcl-6] Synthesis results are not added to the cache due to CRITICAL_WARNING
INFO: [Common 17-1381] The checkpoint 'D:/vivadu/stopwatichh/stopwatichh.runs/synth_1/main.dcp' has been generated.
INFO: [runtcl-4] Executing : report_utilization -file main_utilization_synth.rpt -pb main_utilization_synth.pb
INFO: [Common 17-206] Exiting Vivado at Wed Jan 10 08:05:21 2024...
